\BOOKMARK [1][-]{section.1}{\376\377\000L\000e\000\040\000c\000o\000n\000t\000e\000x\000t\000e\000\040\000d\000a\000n\000s\000\040\000l\000e\000\040\000c\000a\000s\000\040\0002}{}% 1
\BOOKMARK [2][-]{subsection.1.1}{\376\377\000C\000a\000s\000\040\000g\000\351\000n\000\351\000r\000a\000l}{section.1}% 2
\BOOKMARK [3][-]{subsubsection.1.1.1}{\376\377\000C\000a\000l\000c\000u\000l\000\040\000d\000u\000\040\000c\000r\000i\000t\000\350\000r\000e}{subsection.1.1}% 3
\BOOKMARK [3][-]{subsubsection.1.1.2}{\376\377\000C\000a\000l\000c\000u\000l\000s\000\040\000d\000e\000s\000\040\000d\000\351\000r\000i\000v\000\351\000e\000s\000\040\000d\000u\000\040\000c\000r\000i\000t\000\350\000r\000e\000s}{subsection.1.1}% 4
\BOOKMARK [2][-]{subsection.1.2}{\376\377\000A\000p\000p\000l\000i\000c\000a\000t\000i\000o\000n\000s\000\040\000a\000u\000x\000\040\000m\000\351\000l\000a\000n\000g\000e\000\040\000d\000e\000\040\000l\000o\000i\000s\000\040\000u\000n\000i\000f\000o\000r\000m\000e\000s}{section.1}% 5
\BOOKMARK [3][-]{subsubsection.1.2.1}{\376\377\000\311\000t\000u\000d\000e\000\040\000e\000t\000\040\000c\000a\000l\000c\000u\000l\000\040\000d\000e\000\040\000\050\000X\000,\000\051}{subsection.1.2}% 6
\BOOKMARK [3][-]{subsubsection.1.2.2}{\376\377\000C\000a\000l\000c\000u\000l\000\040\000d\000e\000s\000\040\000a\000n\000\040\000e\000t\000\040\000b\000n}{subsection.1.2}% 7
\BOOKMARK [1][-]{section.2}{\376\377\000E\000n\000c\000o\000d\000a\000g\000e\000\040\000d\000e\000\040\000l\000'\000a\000l\000g\000o\000r\000i\000t\000h\000m\000e}{}% 8
\BOOKMARK [2][-]{subsection.2.1}{\376\377\000\311\000t\000a\000p\000e\000\040\000p\000r\000\351\000l\000i\000m\000i\000n\000a\000i\000r\000e\000:\000\040\000l\000a\000\040\000s\000p\000\351\000c\000i\000f\000i\000c\000a\000t\000i\000o\000n\000\040\000d\000u\000\040\000m\000\351\000l\000a\000n\000g\000e}{section.2}% 9
\BOOKMARK [2][-]{subsection.2.2}{\376\377\000P\000r\000e\000m\000i\000\350\000r\000e\000\040\000\351\000t\000a\000p\000e}{section.2}% 10
\BOOKMARK [2][-]{subsection.2.3}{\376\377\000D\000e\000u\000x\000i\000\350\000m\000e\000\040\000\351\000t\000a\000p\000e\000:\000\040}{section.2}% 11
\BOOKMARK [3][-]{subsubsection.2.3.1}{\376\377\000E\000n\000c\000o\000d\000a\000g\000e\000\040\000d\000e\000s\000\040\000s\000o\000u\000s\000-\000f\000o\000n\000c\000t\000i\000o\000n\000s}{subsection.2.3}% 12
\BOOKMARK [3][-]{subsubsection.2.3.2}{\376\377\000E\000n\000c\000o\000d\000a\000g\000e\000\040\000d\000u\000\040\000v\000e\000c\000t\000e\000u\000r}{subsection.2.3}% 13
\BOOKMARK [2][-]{subsection.2.4}{\376\377\000T\000r\000o\000i\000s\000i\000\350\000m\000e\000\040\000\351\000t\000a\000p\000e}{section.2}% 14
\BOOKMARK [1][-]{section.3}{\376\377\000P\000a\000s\000t\000\040\000w\000o\000r\000k\000.\000.\000.}{}% 15
\BOOKMARK [1][-]{section.4}{\376\377\000E\000t\000u\000d\000e\000\040\000d\000e\000\040\000l\000'\000a\000l\000g\000o\000r\000i\000t\000h\000m\000e\000\040\000d\000a\000n\000s\000\040\000l\000e\000\040\000c\000a\000s\000\040\0002}{}% 16
\BOOKMARK [2][-]{subsection.4.1}{\376\377\000C\000a\000l\000c\000u\000l\000\040\000d\000e\000\040}{section.4}% 17
\BOOKMARK [2][-]{subsection.4.2}{\376\377\000C\000a\000l\000c\000u\000l\000\040\000d\000e\000\040\000a\000n}{section.4}% 18
\BOOKMARK [2][-]{subsection.4.3}{\376\377\000E\000n\000c\000o\000d\000a\000g\000e\000\040\000d\000e\000\040\000l\000'\000\351\000t\000a\000p\000e\000\040\0002}{section.4}% 19
\BOOKMARK [3][-]{subsubsection.4.3.1}{\376\377\000M\000\351\000t\000h\000o\000d\000e\000\040\000d\000e\000\040\000m\000a\000x\000i\000m\000i\000s\000a\000t\000i\000o\000n\000\040\000-\000\040\000c\000e\000l\000l\000e\000\040\000d\000e\000\040\000R}{subsection.4.3}% 20
\BOOKMARK [2][-]{subsection.4.4}{\376\377\000C\000a\000l\000c\000u\000l\000\040\000d\000e\000s\000\040\000b\000\050\000,\000\051}{section.4}% 21
